  testing.c
D:\Universitly\TARUMT DIPLOMA IN CS Y1S3\AACS1084 PROGRAMMING CONCEPTS AND DESIGN II\Assignment_trainticket\Assignment_trainticket\testing.c(424,14): warning C4101: 'password': unreferenced local variable
D:\Universitly\TARUMT DIPLOMA IN CS Y1S3\AACS1084 PROGRAMMING CONCEPTS AND DESIGN II\Assignment_trainticket\Assignment_trainticket\testing.c(555,24): warning C4133: 'function': incompatible types - from 'staffdetail *' to 'Member *'
D:\Universitly\TARUMT DIPLOMA IN CS Y1S3\AACS1084 PROGRAMMING CONCEPTS AND DESIGN II\Assignment_trainticket\Assignment_trainticket\testing.c(555,31): warning C4133: 'function': incompatible types - from 'Member *' to 'staffdetail *'
D:\Universitly\TARUMT DIPLOMA IN CS Y1S3\AACS1084 PROGRAMMING CONCEPTS AND DESIGN II\Assignment_trainticket\Assignment_trainticket\testing.c(579,6): warning C4101: 'validOption': unreferenced local variable
D:\Universitly\TARUMT DIPLOMA IN CS Y1S3\AACS1084 PROGRAMMING CONCEPTS AND DESIGN II\Assignment_trainticket\Assignment_trainticket\testing.c(633,8): warning C4101: 'fstaffdetail': unreferenced local variable
D:\Universitly\TARUMT DIPLOMA IN CS Y1S3\AACS1084 PROGRAMMING CONCEPTS AND DESIGN II\Assignment_trainticket\Assignment_trainticket\testing.c(718,14): warning C4101: 'edit': unreferenced local variable
D:\Universitly\TARUMT DIPLOMA IN CS Y1S3\AACS1084 PROGRAMMING CONCEPTS AND DESIGN II\Assignment_trainticket\Assignment_trainticket\testing.c(716,21): warning C4101: 'current': unreferenced local variable
D:\Universitly\TARUMT DIPLOMA IN CS Y1S3\AACS1084 PROGRAMMING CONCEPTS AND DESIGN II\Assignment_trainticket\Assignment_trainticket\testing.c(853,8): warning C4101: 'fstaffdetail': unreferenced local variable
D:\Universitly\TARUMT DIPLOMA IN CS Y1S3\AACS1084 PROGRAMMING CONCEPTS AND DESIGN II\Assignment_trainticket\Assignment_trainticket\testing.c(898,28): warning C4047: 'function': 'char *' differs in levels of indirection from 'char'
D:\Universitly\TARUMT DIPLOMA IN CS Y1S3\AACS1084 PROGRAMMING CONCEPTS AND DESIGN II\Assignment_trainticket\Assignment_trainticket\testing.c(874,8): warning C4101: 'fstaffdetail': unreferenced local variable
D:\Universitly\TARUMT DIPLOMA IN CS Y1S3\AACS1084 PROGRAMMING CONCEPTS AND DESIGN II\Assignment_trainticket\Assignment_trainticket\testing.c(998,33): warning C4047: 'function': 'char *' differs in levels of indirection from 'char'
D:\Universitly\TARUMT DIPLOMA IN CS Y1S3\AACS1084 PROGRAMMING CONCEPTS AND DESIGN II\Assignment_trainticket\Assignment_trainticket\testing.c(1038,42): warning C4047: 'function': 'int *' differs in levels of indirection from 'int'
D:\Universitly\TARUMT DIPLOMA IN CS Y1S3\AACS1084 PROGRAMMING CONCEPTS AND DESIGN II\Assignment_trainticket\Assignment_trainticket\testing.c(1038,57): warning C4047: 'function': 'int *' differs in levels of indirection from 'int'
D:\Universitly\TARUMT DIPLOMA IN CS Y1S3\AACS1084 PROGRAMMING CONCEPTS AND DESIGN II\Assignment_trainticket\Assignment_trainticket\testing.c(1038,74): warning C4047: 'function': 'int *' differs in levels of indirection from 'int'
D:\Universitly\TARUMT DIPLOMA IN CS Y1S3\AACS1084 PROGRAMMING CONCEPTS AND DESIGN II\Assignment_trainticket\Assignment_trainticket\testing.c(931,6): warning C4101: 'cmpIC': unreferenced local variable
D:\Universitly\TARUMT DIPLOMA IN CS Y1S3\AACS1084 PROGRAMMING CONCEPTS AND DESIGN II\Assignment_trainticket\Assignment_trainticket\testing.c(1148,36): warning C4047: 'function': 'char *' differs in levels of indirection from 'char'
D:\Universitly\TARUMT DIPLOMA IN CS Y1S3\AACS1084 PROGRAMMING CONCEPTS AND DESIGN II\Assignment_trainticket\Assignment_trainticket\testing.c(1175,45): warning C4047: 'function': 'int *' differs in levels of indirection from 'int'
D:\Universitly\TARUMT DIPLOMA IN CS Y1S3\AACS1084 PROGRAMMING CONCEPTS AND DESIGN II\Assignment_trainticket\Assignment_trainticket\testing.c(1175,61): warning C4047: 'function': 'int *' differs in levels of indirection from 'int'
D:\Universitly\TARUMT DIPLOMA IN CS Y1S3\AACS1084 PROGRAMMING CONCEPTS AND DESIGN II\Assignment_trainticket\Assignment_trainticket\testing.c(1175,79): warning C4047: 'function': 'int *' differs in levels of indirection from 'int'
D:\Universitly\TARUMT DIPLOMA IN CS Y1S3\AACS1084 PROGRAMMING CONCEPTS AND DESIGN II\Assignment_trainticket\Assignment_trainticket\testing.c(1082,6): warning C4101: 'found': unreferenced local variable
D:\Universitly\TARUMT DIPLOMA IN CS Y1S3\AACS1084 PROGRAMMING CONCEPTS AND DESIGN II\Assignment_trainticket\Assignment_trainticket\testing.c(1083,6): warning C4101: 'cmpIC': unreferenced local variable
D:\Universitly\TARUMT DIPLOMA IN CS Y1S3\AACS1084 PROGRAMMING CONCEPTS AND DESIGN II\Assignment_trainticket\Assignment_trainticket\testing.c(1234,8): warning C4101: 'fstaffdetail': unreferenced local variable
D:\Universitly\TARUMT DIPLOMA IN CS Y1S3\AACS1084 PROGRAMMING CONCEPTS AND DESIGN II\Assignment_trainticket\Assignment_trainticket\testing.c(1311,20): warning C4267: 'initializing': conversion from 'size_t' to 'int', possible loss of data
D:\Universitly\TARUMT DIPLOMA IN CS Y1S3\AACS1084 PROGRAMMING CONCEPTS AND DESIGN II\Assignment_trainticket\Assignment_trainticket\testing.c(1328,20): warning C4267: 'initializing': conversion from 'size_t' to 'int', possible loss of data
D:\Universitly\TARUMT DIPLOMA IN CS Y1S3\AACS1084 PROGRAMMING CONCEPTS AND DESIGN II\Assignment_trainticket\Assignment_trainticket\testing.c(1345,20): warning C4267: 'initializing': conversion from 'size_t' to 'int', possible loss of data
D:\Universitly\TARUMT DIPLOMA IN CS Y1S3\AACS1084 PROGRAMMING CONCEPTS AND DESIGN II\Assignment_trainticket\Assignment_trainticket\testing.c(1388,21): warning C4047: '!=': 'char *' differs in levels of indirection from 'int'
D:\Universitly\TARUMT DIPLOMA IN CS Y1S3\AACS1084 PROGRAMMING CONCEPTS AND DESIGN II\Assignment_trainticket\Assignment_trainticket\testing.c(1388,47): warning C4047: '!=': 'char *' differs in levels of indirection from 'int'
D:\Universitly\TARUMT DIPLOMA IN CS Y1S3\AACS1084 PROGRAMMING CONCEPTS AND DESIGN II\Assignment_trainticket\Assignment_trainticket\testing.c(1401,20): warning C4267: 'initializing': conversion from 'size_t' to 'int', possible loss of data
D:\Universitly\TARUMT DIPLOMA IN CS Y1S3\AACS1084 PROGRAMMING CONCEPTS AND DESIGN II\Assignment_trainticket\Assignment_trainticket\testing.c(1437,20): warning C4267: 'initializing': conversion from 'size_t' to 'int', possible loss of data
D:\Universitly\TARUMT DIPLOMA IN CS Y1S3\AACS1084 PROGRAMMING CONCEPTS AND DESIGN II\Assignment_trainticket\Assignment_trainticket\testing.c(1459,20): warning C4267: 'initializing': conversion from 'size_t' to 'int', possible loss of data
D:\Universitly\TARUMT DIPLOMA IN CS Y1S3\AACS1084 PROGRAMMING CONCEPTS AND DESIGN II\Assignment_trainticket\Assignment_trainticket\testing.c(1509,22): warning C4047: '>': 'int *' differs in levels of indirection from 'int'
D:\Universitly\TARUMT DIPLOMA IN CS Y1S3\AACS1084 PROGRAMMING CONCEPTS AND DESIGN II\Assignment_trainticket\Assignment_trainticket\testing.c(1514,26): warning C4047: '>': 'int *' differs in levels of indirection from 'int'
D:\Universitly\TARUMT DIPLOMA IN CS Y1S3\AACS1084 PROGRAMMING CONCEPTS AND DESIGN II\Assignment_trainticket\Assignment_trainticket\testing.c(1503,15): warning C4133: 'initializing': incompatible types - from 'tm *' to 'Date *'
D:\Universitly\TARUMT DIPLOMA IN CS Y1S3\AACS1084 PROGRAMMING CONCEPTS AND DESIGN II\Assignment_trainticket\Assignment_trainticket\testing.c(1520,6): warning C4047: 'initializing': 'int' differs in levels of indirection from 'int *'
D:\Universitly\TARUMT DIPLOMA IN CS Y1S3\AACS1084 PROGRAMMING CONCEPTS AND DESIGN II\Assignment_trainticket\Assignment_trainticket\testing.c(1533,20): warning C4267: 'initializing': conversion from 'size_t' to 'int', possible loss of data
D:\Universitly\TARUMT DIPLOMA IN CS Y1S3\AACS1084 PROGRAMMING CONCEPTS AND DESIGN II\Assignment_trainticket\Assignment_trainticket\testing.c(1679,20): warning C4047: '<': 'int' differs in levels of indirection from 'int *'
D:\Universitly\TARUMT DIPLOMA IN CS Y1S3\AACS1084 PROGRAMMING CONCEPTS AND DESIGN II\Assignment_trainticket\Assignment_trainticket\testing.c(1724,9): warning C4477: 'scanf' : format string '%29s' requires an argument of type 'char *', but variadic argument 1 has type 'const char *'
D:\Universitly\TARUMT DIPLOMA IN CS Y1S3\AACS1084 PROGRAMMING CONCEPTS AND DESIGN II\Assignment_trainticket\Assignment_trainticket\testing.c(1744,17): warning C4267: 'initializing': conversion from 'size_t' to 'int', possible loss of data
D:\Universitly\TARUMT DIPLOMA IN CS Y1S3\AACS1084 PROGRAMMING CONCEPTS AND DESIGN II\Assignment_trainticket\Assignment_trainticket\testing.c(1825,24): warning C4047: 'function': 'int *' differs in levels of indirection from 'int'
D:\Universitly\TARUMT DIPLOMA IN CS Y1S3\AACS1084 PROGRAMMING CONCEPTS AND DESIGN II\Assignment_trainticket\Assignment_trainticket\testing.c(1855,12): warning C4244: 'function': conversion from 'time_t' to 'unsigned int', possible loss of data
D:\Universitly\TARUMT DIPLOMA IN CS Y1S3\AACS1084 PROGRAMMING CONCEPTS AND DESIGN II\Assignment_trainticket\Assignment_trainticket\testing.c(1932,14): warning C4047: '=': 'int *' differs in levels of indirection from 'int'
D:\Universitly\TARUMT DIPLOMA IN CS Y1S3\AACS1084 PROGRAMMING CONCEPTS AND DESIGN II\Assignment_trainticket\Assignment_trainticket\testing.c(1915,6): warning C4047: 'initializing': 'int' differs in levels of indirection from 'int *'
D:\Universitly\TARUMT DIPLOMA IN CS Y1S3\AACS1084 PROGRAMMING CONCEPTS AND DESIGN II\Assignment_trainticket\Assignment_trainticket\testing.c(2534,28): warning C4047: 'function': 'int *' differs in levels of indirection from 'int'
D:\Universitly\TARUMT DIPLOMA IN CS Y1S3\AACS1084 PROGRAMMING CONCEPTS AND DESIGN II\Assignment_trainticket\Assignment_trainticket\testing.c(2555,8): warning C4244: 'function': conversion from 'time_t' to 'unsigned int', possible loss of data
D:\Universitly\TARUMT DIPLOMA IN CS Y1S3\AACS1084 PROGRAMMING CONCEPTS AND DESIGN II\Assignment_trainticket\Assignment_trainticket\testing.c(2568,15): warning C4101: 'scheduleData': unreferenced local variable
D:\Universitly\TARUMT DIPLOMA IN CS Y1S3\AACS1084 PROGRAMMING CONCEPTS AND DESIGN II\Assignment_trainticket\Assignment_trainticket\testing.c(2628,15): warning C4101: 'scheduleData': unreferenced local variable
D:\Universitly\TARUMT DIPLOMA IN CS Y1S3\AACS1084 PROGRAMMING CONCEPTS AND DESIGN II\Assignment_trainticket\Assignment_trainticket\testing.c(3343,11): warning C4101: 'time': unreferenced local variable
D:\Universitly\TARUMT DIPLOMA IN CS Y1S3\AACS1084 PROGRAMMING CONCEPTS AND DESIGN II\Assignment_trainticket\Assignment_trainticket\testing.c(3421,11): warning C4101: 'time': unreferenced local variable
D:\Universitly\TARUMT DIPLOMA IN CS Y1S3\AACS1084 PROGRAMMING CONCEPTS AND DESIGN II\Assignment_trainticket\Assignment_trainticket\testing.c(3588,7): warning C4101: 'answer': unreferenced local variable
D:\Universitly\TARUMT DIPLOMA IN CS Y1S3\AACS1084 PROGRAMMING CONCEPTS AND DESIGN II\Assignment_trainticket\Assignment_trainticket\testing.c(3652,7): warning C4101: 'answer': unreferenced local variable
D:\Universitly\TARUMT DIPLOMA IN CS Y1S3\AACS1084 PROGRAMMING CONCEPTS AND DESIGN II\Assignment_trainticket\Assignment_trainticket\testing.c(3858,10): warning C4473: 'scanf' : not enough arguments passed for format string
  D:\Universitly\TARUMT DIPLOMA IN CS Y1S3\AACS1084 PROGRAMMING CONCEPTS AND DESIGN II\Assignment_trainticket\Assignment_trainticket\testing.c(3858,10):
  placeholders and their parameters expect 1 variadic arguments, but 0 were provided
  D:\Universitly\TARUMT DIPLOMA IN CS Y1S3\AACS1084 PROGRAMMING CONCEPTS AND DESIGN II\Assignment_trainticket\Assignment_trainticket\testing.c(3858,10):
  the missing variadic argument 1 is required by format string '%[^\n]'
  
D:\Universitly\TARUMT DIPLOMA IN CS Y1S3\AACS1084 PROGRAMMING CONCEPTS AND DESIGN II\Assignment_trainticket\Assignment_trainticket\testing.c(3875,7): warning C4101: 'tryAgainCardNo': unreferenced local variable
D:\Universitly\TARUMT DIPLOMA IN CS Y1S3\AACS1084 PROGRAMMING CONCEPTS AND DESIGN II\Assignment_trainticket\Assignment_trainticket\testing.c(4077,9): warning C4244: 'function': conversion from 'time_t' to 'unsigned int', possible loss of data
D:\Universitly\TARUMT DIPLOMA IN CS Y1S3\AACS1084 PROGRAMMING CONCEPTS AND DESIGN II\Assignment_trainticket\Assignment_trainticket\testing.c(4409,10): warning C4133: 'function': incompatible types - from 'SearchBooking [10]' to 'FILE *'
D:\Universitly\TARUMT DIPLOMA IN CS Y1S3\AACS1084 PROGRAMMING CONCEPTS AND DESIGN II\Assignment_trainticket\Assignment_trainticket\testing.c(4502,10): warning C4473: 'scanf' : not enough arguments passed for format string
  D:\Universitly\TARUMT DIPLOMA IN CS Y1S3\AACS1084 PROGRAMMING CONCEPTS AND DESIGN II\Assignment_trainticket\Assignment_trainticket\testing.c(4502,10):
  placeholders and their parameters expect 1 variadic arguments, but 0 were provided
  D:\Universitly\TARUMT DIPLOMA IN CS Y1S3\AACS1084 PROGRAMMING CONCEPTS AND DESIGN II\Assignment_trainticket\Assignment_trainticket\testing.c(4502,10):
  the missing variadic argument 1 is required by format string '%[^\n]'
  
D:\Universitly\TARUMT DIPLOMA IN CS Y1S3\AACS1084 PROGRAMMING CONCEPTS AND DESIGN II\Assignment_trainticket\Assignment_trainticket\testing.c(5337,7): warning C4101: 'ticketStatus': unreferenced local variable
D:\Universitly\TARUMT DIPLOMA IN CS Y1S3\AACS1084 PROGRAMMING CONCEPTS AND DESIGN II\Assignment_trainticket\Assignment_trainticket\testing.c(5595,14): warning C4244: 'return': conversion from 'double' to 'float', possible loss of data
D:\Universitly\TARUMT DIPLOMA IN CS Y1S3\AACS1084 PROGRAMMING CONCEPTS AND DESIGN II\Assignment_trainticket\Assignment_trainticket\testing.c(5652,7): warning C4101: 'time': unreferenced local variable
D:\Universitly\TARUMT DIPLOMA IN CS Y1S3\AACS1084 PROGRAMMING CONCEPTS AND DESIGN II\Assignment_trainticket\Assignment_trainticket\testing.c(5653,9): warning C4101: 'j': unreferenced local variable
D:\Universitly\TARUMT DIPLOMA IN CS Y1S3\AACS1084 PROGRAMMING CONCEPTS AND DESIGN II\Assignment_trainticket\Assignment_trainticket\testing.c(5653,6): warning C4101: 'i': unreferenced local variable
D:\Universitly\TARUMT DIPLOMA IN CS Y1S3\AACS1084 PROGRAMMING CONCEPTS AND DESIGN II\Assignment_trainticket\Assignment_trainticket\testing.c(5689,7): warning C4101: 'time': unreferenced local variable
D:\Universitly\TARUMT DIPLOMA IN CS Y1S3\AACS1084 PROGRAMMING CONCEPTS AND DESIGN II\Assignment_trainticket\Assignment_trainticket\testing.c(5690,9): warning C4101: 'j': unreferenced local variable
D:\Universitly\TARUMT DIPLOMA IN CS Y1S3\AACS1084 PROGRAMMING CONCEPTS AND DESIGN II\Assignment_trainticket\Assignment_trainticket\testing.c(5690,6): warning C4101: 'i': unreferenced local variable
D:\Universitly\TARUMT DIPLOMA IN CS Y1S3\AACS1084 PROGRAMMING CONCEPTS AND DESIGN II\Assignment_trainticket\Assignment_trainticket\testing.c(326): warning C4715: 'menu': not all control paths return a value
D:\Universitly\TARUMT DIPLOMA IN CS Y1S3\AACS1084 PROGRAMMING CONCEPTS AND DESIGN II\Assignment_trainticket\Assignment_trainticket\testing.c(420): warning C4715: 'staffMenu': not all control paths return a value
D:\Universitly\TARUMT DIPLOMA IN CS Y1S3\AACS1084 PROGRAMMING CONCEPTS AND DESIGN II\Assignment_trainticket\Assignment_trainticket\testing.c(486): warning C4715: 'signinAdminMenu': not all control paths return a value
D:\Universitly\TARUMT DIPLOMA IN CS Y1S3\AACS1084 PROGRAMMING CONCEPTS AND DESIGN II\Assignment_trainticket\Assignment_trainticket\testing.c(450): warning C4715: 'signinManagerMenu': not all control paths return a value
D:\Universitly\TARUMT DIPLOMA IN CS Y1S3\AACS1084 PROGRAMMING CONCEPTS AND DESIGN II\Assignment_trainticket\Assignment_trainticket\testing.c(535): warning C4716: 'managerMenu': must return a value
D:\Universitly\TARUMT DIPLOMA IN CS Y1S3\AACS1084 PROGRAMMING CONCEPTS AND DESIGN II\Assignment_trainticket\Assignment_trainticket\testing.c(568): warning C4716: 'adminMenu': must return a value
D:\Universitly\TARUMT DIPLOMA IN CS Y1S3\AACS1084 PROGRAMMING CONCEPTS AND DESIGN II\Assignment_trainticket\Assignment_trainticket\testing.c(849): warning C4715: 'resetPw': not all control paths return a value
D:\Universitly\TARUMT DIPLOMA IN CS Y1S3\AACS1084 PROGRAMMING CONCEPTS AND DESIGN II\Assignment_trainticket\Assignment_trainticket\testing.c(2352): warning C4715: 'bookandtrain': not all control paths return a value
D:\Universitly\TARUMT DIPLOMA IN CS Y1S3\AACS1084 PROGRAMMING CONCEPTS AND DESIGN II\Assignment_trainticket\Assignment_trainticket\testing.c(3952): warning C4715: 'PaymentStatus': not all control paths return a value
  Assignment_trainticket.vcxproj -> D:\Universitly\TARUMT DIPLOMA IN CS Y1S3\AACS1084 PROGRAMMING CONCEPTS AND DESIGN II\Assignment_trainticket\x64\Debug\Assignment_trainticket.exe
